[spicy.org/index.html]
[spicy.org/img/img/spicy.org.png]
[spicy.org/css/aos.css]
[spicy.org/css/style.min.css]
[ajax.googleapis.com/ajax/libs/jquery/3.5.1/jquery.min.js]
[backblue.gif]
[fade.gif]
[index.html]
[maxcdn.bootstrapcdn.com/bootstrap/3.4.1/js/bootstrap.min.js]
[spicy.org/index-2.html]
[spicy.org/img/svg/logo.svg]
[spicy.org/img/img/Stellar.png]
[spicy.org/img/img/Lobstr.png]
[spicy.org/img/img/Orion.png]
[spicy.org/img/img/A16z.png]
[spicy.org/img/img/about_img.jpg]
[spicy.org/img/img/XAU.jpg]
[spicy.org/img/img/scopuly.png]
[spicy.org/img/img/stellarport.png]
[spicy.org/img/img/XAG.jpg]
[spicy.org/img/img/XPD.jpg]
[spicy.org/img/img/XPT.jpg]
[spicy.org/img/img/XNI.jpg]
[spicy.org/img/img/XLI.jpg]
[spicy.org/img/svg/footer_logo.svg]
[spicy.org/privacy.html]
[spicy.org/terms.html]
[spicy.org/js/aos.js]
[spicy.org/js/script.js]
[spicy.org/index.html]
[spicy.org/css/aos.css]
[spicy.org/fonts/Roboto-Bold.19.delayed]
[spicy.org/fonts/Roboto-Bold.1a.delayed]
[spicy.org/fonts/Roboto-Light.1b.delayed]
[spicy.org/fonts/Roboto-Light.1c.delayed]
[spicy.org/fonts/Roboto-Medium.1d.delayed]
[spicy.org/fonts/Roboto-Medium.1e.delayed]
[spicy.org/fonts/Roboto-Regular.woff]
[spicy.org/fonts/Roboto-Regular.20.delayed]
[spicy.org/css/style.min.css]
[spicy.org/index-2.html]
[spicy.org/img/svg/logo.svg]
[spicy.org/img/svg/footer_logo.svg]
[spicy.org/privacy.html]
[spicy.org/terms.html]
[spicy.org/fonts/Roboto-Bold.html]
[spicy.org/fonts/Roboto-Bold-2.html]
[spicy.org/fonts/Roboto-Light.html]
[spicy.org/fonts/Roboto-Light-2.html]
[spicy.org/fonts/Roboto-Medium.html]
[spicy.org/fonts/Roboto-Medium-2.html]
[spicy.org/fonts/Roboto-Regular.html]
